<?xml version="1.0" encoding="UTF-8"?>
<!-- Generated by org.testng.reporters.JUnitXMLReporter -->
<testsuite ignored="0" hostname="TapanKNew.local" failures="0" tests="3" name="Default test" time="65.871" errors="0" timestamp="12 Oct 2021 06:50:49 GMT">
  <testcase classname="testCases.HomePageTest" name="uploadFile" time="19.543"/>
  <testcase classname="testCases.HomePageTest" name="downloadSampleResume" time="27.778"/>
  <testcase classname="testCases.HomePageTest" name="handleFrames" time="18.271"/>
</testsuite> <!-- Default test -->
