<?xml version="1.0" encoding="UTF-8"?>
<testng-results ignored="0" total="2" passed="2" failed="0" skipped="0">
  <reporter-output>
  </reporter-output>
  <suite started-at="2021-10-12T06:21:44Z" name="Default suite" finished-at="2021-10-12T06:22:21Z" duration-ms="37808">
    <groups>
    </groups>
    <test started-at="2021-10-12T06:21:44Z" name="Default test" finished-at="2021-10-12T06:22:21Z" duration-ms="37808">
      <class name="testCases.HomePageTest">
        <test-method is-config="true" signature="setUp()[pri:0, instance:testCases.HomePageTest@6c64cb25]" started-at="2021-10-12T06:21:43Z" name="setUp" finished-at="2021-10-12T06:21:44Z" duration-ms="143" status="PASS">
          <reporter-output>
          </reporter-output>
        </test-method> <!-- setUp -->
        <test-method is-config="true" signature="getTestname()[pri:0, instance:testCases.HomePageTest@6c64cb25]" started-at="2021-10-12T06:21:44Z" name="getTestname" finished-at="2021-10-12T06:21:44Z" duration-ms="5" status="PASS">
          <reporter-output>
          </reporter-output>
        </test-method> <!-- getTestname -->
        <test-method is-config="true" signature="getMethodname(java.lang.reflect.Method)[pri:0, instance:testCases.HomePageTest@6c64cb25]" started-at="2021-10-12T06:21:44Z" name="getMethodname" finished-at="2021-10-12T06:21:44Z" duration-ms="2" status="PASS">
          <params>
            <param index="0">
              <value>
                <![CDATA[public void testCases.HomePageTest.uploadFile() throws java.lang.Exception]]>
              </value>
            </param>
          </params>
          <reporter-output>
          </reporter-output>
        </test-method> <!-- getMethodname -->
        <test-method signature="uploadFile()[pri:1, instance:testCases.HomePageTest@6c64cb25]" started-at="2021-10-12T06:21:44Z" name="uploadFile" finished-at="2021-10-12T06:22:03Z" duration-ms="19018" status="PASS">
          <reporter-output>
          </reporter-output>
        </test-method> <!-- uploadFile -->
        <test-method is-config="true" signature="getResult(org.testng.ITestResult)[pri:0, instance:testCases.HomePageTest@6c64cb25]" started-at="2021-10-12T06:22:03Z" name="getResult" finished-at="2021-10-12T06:22:03Z" duration-ms="199" status="PASS">
          <params>
            <param index="0">
              <value>
                <![CDATA[[TestResult name=uploadFile status=SUCCESS method=HomePageTest.uploadFile()[pri:1, instance:testCases.HomePageTest@6c64cb25] output={null}]]]>
              </value>
            </param>
          </params>
          <reporter-output>
          </reporter-output>
        </test-method> <!-- getResult -->
        <test-method is-config="true" signature="getMethodname(java.lang.reflect.Method)[pri:0, instance:testCases.HomePageTest@6c64cb25]" started-at="2021-10-12T06:22:03Z" name="getMethodname" finished-at="2021-10-12T06:22:03Z" duration-ms="0" status="PASS">
          <params>
            <param index="0">
              <value>
                <![CDATA[public void testCases.HomePageTest.handleFrames() throws java.lang.Exception]]>
              </value>
            </param>
          </params>
          <reporter-output>
          </reporter-output>
        </test-method> <!-- getMethodname -->
        <test-method signature="handleFrames()[pri:2, instance:testCases.HomePageTest@6c64cb25]" started-at="2021-10-12T06:22:03Z" name="handleFrames" finished-at="2021-10-12T06:22:21Z" duration-ms="18541" status="PASS">
          <reporter-output>
          </reporter-output>
        </test-method> <!-- handleFrames -->
        <test-method is-config="true" signature="getResult(org.testng.ITestResult)[pri:0, instance:testCases.HomePageTest@6c64cb25]" started-at="2021-10-12T06:22:21Z" name="getResult" finished-at="2021-10-12T06:22:21Z" duration-ms="31" status="PASS">
          <params>
            <param index="0">
              <value>
                <![CDATA[[TestResult name=handleFrames status=SUCCESS method=HomePageTest.handleFrames()[pri:2, instance:testCases.HomePageTest@6c64cb25] output={null}]]]>
              </value>
            </param>
          </params>
          <reporter-output>
          </reporter-output>
        </test-method> <!-- getResult -->
        <test-method is-config="true" signature="tearDown()[pri:0, instance:testCases.HomePageTest@6c64cb25]" started-at="2021-10-12T06:22:21Z" name="tearDown" finished-at="2021-10-12T06:22:36Z" duration-ms="14172" status="PASS">
          <reporter-output>
          </reporter-output>
        </test-method> <!-- tearDown -->
      </class> <!-- testCases.HomePageTest -->
    </test> <!-- Default test -->
  </suite> <!-- Default suite -->
</testng-results>
