<?xml version="1.0" encoding="UTF-8"?>
<testng-results ignored="0" total="1" passed="1" failed="0" skipped="0">
  <reporter-output>
  </reporter-output>
  <suite started-at="2021-10-12T06:00:17Z" name="Default suite" finished-at="2021-10-12T06:00:55Z" duration-ms="37752">
    <groups>
    </groups>
    <test started-at="2021-10-12T06:00:17Z" name="Default test" finished-at="2021-10-12T06:00:55Z" duration-ms="37752">
      <class name="testCases.HomePageTest">
        <test-method is-config="true" signature="setUp()[pri:0, instance:testCases.HomePageTest@245b4bdc]" started-at="2021-10-12T06:00:17Z" name="setUp" finished-at="2021-10-12T06:00:17Z" duration-ms="119" status="PASS">
          <reporter-output>
          </reporter-output>
        </test-method> <!-- setUp -->
        <test-method is-config="true" signature="getTestname()[pri:0, instance:testCases.HomePageTest@245b4bdc]" started-at="2021-10-12T06:00:17Z" name="getTestname" finished-at="2021-10-12T06:00:17Z" duration-ms="3" status="PASS">
          <reporter-output>
          </reporter-output>
        </test-method> <!-- getTestname -->
        <test-method is-config="true" signature="getMethodname(java.lang.reflect.Method)[pri:0, instance:testCases.HomePageTest@245b4bdc]" started-at="2021-10-12T06:00:17Z" name="getMethodname" finished-at="2021-10-12T06:00:17Z" duration-ms="2" status="PASS">
          <params>
            <param index="0">
              <value>
                <![CDATA[public void testCases.HomePageTest.uploadFile() throws java.lang.Exception]]>
              </value>
            </param>
          </params>
          <reporter-output>
          </reporter-output>
        </test-method> <!-- getMethodname -->
        <test-method signature="uploadFile()[pri:1, instance:testCases.HomePageTest@245b4bdc]" started-at="2021-10-12T06:00:17Z" name="uploadFile" finished-at="2021-10-12T06:00:55Z" duration-ms="37533" status="PASS">
          <reporter-output>
          </reporter-output>
        </test-method> <!-- uploadFile -->
        <test-method is-config="true" signature="getResult(org.testng.ITestResult)[pri:0, instance:testCases.HomePageTest@245b4bdc]" started-at="2021-10-12T06:00:55Z" name="getResult" finished-at="2021-10-12T06:00:55Z" duration-ms="203" status="PASS">
          <params>
            <param index="0">
              <value>
                <![CDATA[[TestResult name=uploadFile status=SUCCESS method=HomePageTest.uploadFile()[pri:1, instance:testCases.HomePageTest@245b4bdc] output={null}]]]>
              </value>
            </param>
          </params>
          <reporter-output>
          </reporter-output>
        </test-method> <!-- getResult -->
        <test-method is-config="true" signature="tearDown()[pri:0, instance:testCases.HomePageTest@245b4bdc]" started-at="2021-10-12T06:00:55Z" name="tearDown" finished-at="2021-10-12T06:01:06Z" duration-ms="10771" status="PASS">
          <reporter-output>
          </reporter-output>
        </test-method> <!-- tearDown -->
      </class> <!-- testCases.HomePageTest -->
    </test> <!-- Default test -->
  </suite> <!-- Default suite -->
</testng-results>
