<?xml version="1.0" encoding="UTF-8"?>
<!-- Generated by org.testng.reporters.JUnitXMLReporter -->
<testsuite ignored="0" hostname="TapanKNew.local" failures="0" tests="3" name="EazDine Test Cases" time="2293.884" errors="0" timestamp="07 Sep 2021 13:49:56 GMT">
  <testcase classname="testCases.HomePageTest" name="orderTypeTakeOut" time="761.495"/>
  <testcase classname="testCases.HomePageTest" name="orderTypeDelivery" time="827.523"/>
  <testcase classname="testCases.HomePageTest" name="webPOS" time="704.555"/>
</testsuite> <!-- EazDine Test Cases -->
